1617320934769	mozrunner::runner	INFO	Running command: "C:\\Program Files\\Mozilla Firefox\\firefox.exe" "-marionette" "-foreground" "-no-remote" "-profile" "C:\\Users\\LUISAA~1\\AppData\\Local\\Temp\\rust_mozprofileL2M3Uh"
JavaScript error: resource://gre/modules/XULStore.jsm, line 66: Error: Can't find profile directory.
console.warn: SearchSettings: "get: No settings file exists, new profile?" (new Error("", "(unknown module)"))
console.error: Region.jsm: "Error fetching region" (new Error("TIMEOUT", "resource://gre/modules/Region.jsm", 775))
console.error: Region.jsm: "Failed to fetch region" (new Error("TIMEOUT", "resource://gre/modules/Region.jsm", 422))
1617320964116	Marionette	INFO	Listening on port 50053
1617320964341	Marionette	WARN	TLS certificate errors will be ignored for this session
1617321015578	Marionette	INFO	Stopped listening on port 50053

###!!! [Child][RunMessage] Error: Channel closing: too late to send/recv, messages will be lost

1617321585494	mozrunner::runner	INFO	Running command: "C:\\Program Files\\Mozilla Firefox\\firefox.exe" "-marionette" "-foreground" "-no-remote" "-profile" "C:\\Users\\LUISAA~1\\AppData\\Local\\Temp\\rust_mozprofileA4bk24"
JavaScript error: resource://gre/modules/XULStore.jsm, line 66: Error: Can't find profile directory.
console.warn: SearchSettings: "get: No settings file exists, new profile?" (new Error("", "(unknown module)"))
1617321610792	Marionette	INFO	Listening on port 51557
1617321611502	Marionette	WARN	TLS certificate errors will be ignored for this session
1617321648158	Marionette	INFO	Stopped listening on port 51557
JavaScript error: resource://gre/modules/UrlClassifierListManager.jsm, line 691: TypeError: this.tablesData[table] is undefined

###!!! [Child][MessageChannel] Error: (msgtype=0x5B0009,name=PHt[Parent 25568, IPC I/O Parent] WARNING: file /builds/worker/checkouts/gecko/ipc/chromium/src/base/process_util_win.cc:167
*** UTM:SVC TimerManager:registerTimer called after profile-before-change notification. Ignoring timer registration for id: telemetry_modules_ping
*** UTM:SVC TimerManager:registerTimer called after profile-before-change notification. Ignoring timer registration for id: telemetry_untrustedmodules_ping

###!!! [Child][RunMessage] Error: Channel closing: too late to send/recv, messages will be lost

closing: too late to send/recv, messages will be lost


###!!! [Child][MessageChannel] Error: (msgtype=0x5B0009,name=PHttpChannel::Msg_DeletingChannel) Channel closing: too late to send/recv, messages will be lost


###!!! [Child][MessageChannel] Error: (msgtype=0x3A0146,name=PContent::Msg_ScriptError) Channel closing: too late to send/recv, messages will be lost

[Parent 11528, IPC I/O Parent] WARNING: file /builds/worker/checkouts/gecko/ipc/chromium/src/base/process_util_win.cc:167
*** UTM:SVC TimerManager:registerTimer called after profile-before-change notification. Ignoring timer registration for id: telemetry_modules_ping
*** UTM:SVC TimerManager:registerTimer called after profile-before-change notification. Ignoring timer registration for id: telemetry_untrustedmodules_ping

###!!! [Child][RunMessage] Error: Channel closing: too late to send/recv, messages will be lost

1617328572632	mozrunner::runner	INFO	Running command: "C:\\Program Files\\Mozilla Firefox\\firefox.exe" "-marionette" "-foreground" "-no-remote" "-profile" "C:\\WINDOWS\\TEMP\\rust_mozprofile1JSF9Z"
[GFX1-]: RcANGLE(no compositor window)
[GFX1-]: Failed to connect WebRenderBridgeChild.
[GFX1-]: [D3D11] create swap chain failed: 0x887a0022, 0
[GFX1-]: [D3D11] Failed to init compositor with reason: FEATURE_FAILURE_D3D11_SWAP_CHAIN
JavaScript error: resource://gre/modules/XULStore.jsm, line 66: Error: Can't find profile directory.
[GFX1-]: [D3D11] create swap chain failed: 0x887a0022, 0
[GFX1-]: [D3D11] Failed to init compositor with reason: FEATURE_FAILURE_D3D11_SWAP_CHAIN
console.warn: SearchSettings: "get: No settings file exists, new profile?" (new Error("", "(unknown module)"))
[GFX1-]: [D3D11] create swap chain failed: 0x887a0022, 0
[GFX1-]: [D3D11] Failed to init compositor with reason: FEATURE_FAILURE_D3D11_SWAP_CHAIN
[Parent 14368, IPC I/O Parent] WARNING: file /builds/worker/checkouts/gecko/ipc/chromium/src/base/process_util_win.cc:167
[Parent 14368, IPC I/O Parent] WARNING: file /builds/worker/checkouts/gecko/ipc/chromium/src/base/process_util_win.cc:167
console.error: Region.jsm: "Error fetching region" (new AbortError("The operation was aborted. ", (void 0), 773))
console.error: Region.jsm: "Failed to fetch region" (new Error("NO_RESULT", "resource://gre/modules/Region.jsm", 422))
1617328592891	Marionette	INFO	Listening on port 59119
1617328593163	Marionette	WARN	TLS certificate errors will be ignored for this session
1617328595432	Marionette	INFO	Stopped listening on port 59119
console.warn: services.settings: main/whats-new-panel sync interrupted by shutdown
JavaScript error: resource://activity-stream/lib/ASRouter.jsm, line 988: NS_ERROR_ILLEGAL_VALUE: Component returned failure code: 0x80070057 (NS_ERROR_ILLEGAL_VALUE) [nsIObserverService.removeObserver]

###!!! [Child][RunMessage] Error: Channel closing: too late to send/recv, messages will be lost


###!!! [Child][RunMessage] Error: Channel closing: too late to send/recv, messages will be lost


###!!! [Child][RunMessage] Error: Channel closing: too late to send/recv, messages will be lost

